This is pdfTeX, Version 3.14159265-2.6-1.40.21 (MiKTeX 2.9.7300) (preloaded format=pdflatex 2020.3.12)  18 APR 2020 02:26
entering extended mode
**./main.tex
(main.tex
LaTeX2e <2020-02-02> patch level 2
L3 programming layer <2020-02-14>
("C:\Users\chaimaelmejgari\AppData\Local\Programs\MiKTeX 2.9\tex/latex/base\rep
ort.cls"
Document Class: report 2019/12/20 v1.4l Standard LaTeX document class

("C:\Users\chaimaelmejgari\AppData\Local\Programs\MiKTeX 2.9\tex/latex/base\siz
e12.clo"
File: size12.clo 2019/12/20 v1.4l Standard LaTeX file (size option)
)
\c@part=\count167
\c@chapter=\count168
\c@section=\count169
\c@subsection=\count170
\c@subsubsection=\count171
\c@paragraph=\count172
\c@subparagraph=\count173
\c@figure=\count174
\c@table=\count175
\abovecaptionskip=\skip47
\belowcaptionskip=\skip48
\bibindent=\dimen134
)
("C:\Users\chaimaelmejgari\AppData\Local\Programs\MiKTeX 2.9\tex/latex/geometry
\geometry.sty"
Package: geometry 2020/01/02 v5.9 Page Geometry

("C:\Users\chaimaelmejgari\AppData\Local\Programs\MiKTeX 2.9\tex/latex/graphics
\keyval.sty"
Package: keyval 2014/10/28 v1.15 key=value parser (DPC)
\KV@toks@=\toks14
)
("C:\Users\chaimaelmejgari\AppData\Local\Programs\MiKTeX 2.9\tex/generic/iftex\
ifvtex.sty"
Package: ifvtex 2019/10/25 v1.7 ifvtex legacy package. Use iftex instead.

("C:\Users\chaimaelmejgari\AppData\Local\Programs\MiKTeX 2.9\tex/generic/iftex\
iftex.sty"
Package: iftex 2019/11/07 v1.0c TeX engine tests
))
\Gm@cnth=\count176
\Gm@cntv=\count177
\c@Gm@tempcnt=\count178
\Gm@bindingoffset=\dimen135
\Gm@wd@mp=\dimen136
\Gm@odd@mp=\dimen137
\Gm@even@mp=\dimen138
\Gm@layoutwidth=\dimen139
\Gm@layoutheight=\dimen140
\Gm@layouthoffset=\dimen141
\Gm@layoutvoffset=\dimen142
\Gm@dimlist=\toks15

("C:\Users\chaimaelmejgari\AppData\Local\Programs\MiKTeX 2.9\tex/latex/geometry
\geometry.cfg"))
("C:\Users\chaimaelmejgari\AppData\Local\Programs\MiKTeX 2.9\tex/latex/subfigur
e\subfigure.sty"
Package: subfigure 2002/07/30 v2.1.4 subfigure package
\subfigtopskip=\skip49
\subfigcapskip=\skip50
\subfigcaptopadj=\dimen143
\subfigbottomskip=\skip51
\subfigcapmargin=\dimen144
\subfiglabelskip=\skip52
\c@subfigure=\count179
\c@lofdepth=\count180
\c@subtable=\count181
\c@lotdepth=\count182

****************************************
* Local config file subfigure.cfg used *
****************************************

("C:\Users\chaimaelmejgari\AppData\Local\Programs\MiKTeX 2.9\tex/latex/subfigur
e\subfigure.cfg")
\subfig@top=\skip53
\subfig@bottom=\skip54
)
("C:\Users\chaimaelmejgari\AppData\Local\Programs\MiKTeX 2.9\tex/latex/tabto-lt
x\tabto.sty"
Package: tabto 2018/12/28  v 1.4  Another tabbing mechanism
\CurrentLineWidth=\dimen145
\TabPrevPos=\dimen146
)
("C:\Users\chaimaelmejgari\AppData\Local\Programs\MiKTeX 2.9\tex/latex/amsmath\
amsmath.sty"
Package: amsmath 2020/01/20 v2.17e AMS math features
\@mathmargin=\skip55

For additional information on amsmath, use the `?' option.

("C:\Users\chaimaelmejgari\AppData\Local\Programs\MiKTeX 2.9\tex/latex/amsmath\
amstext.sty"
Package: amstext 2000/06/29 v2.01 AMS text

("C:\Users\chaimaelmejgari\AppData\Local\Programs\MiKTeX 2.9\tex/latex/amsmath\
amsgen.sty"
File: amsgen.sty 1999/11/30 v2.0 generic functions
\@emptytoks=\toks16
\ex@=\dimen147
))
("C:\Users\chaimaelmejgari\AppData\Local\Programs\MiKTeX 2.9\tex/latex/amsmath\
amsbsy.sty"
Package: amsbsy 1999/11/29 v1.2d Bold Symbols
\pmbraise@=\dimen148
)
("C:\Users\chaimaelmejgari\AppData\Local\Programs\MiKTeX 2.9\tex/latex/amsmath\
amsopn.sty"
Package: amsopn 2016/03/08 v2.02 operator names
)
\inf@bad=\count183
LaTeX Info: Redefining \frac on input line 227.
\uproot@=\count184
\leftroot@=\count185
LaTeX Info: Redefining \overline on input line 389.
\classnum@=\count186
\DOTSCASE@=\count187
LaTeX Info: Redefining \ldots on input line 486.
LaTeX Info: Redefining \dots on input line 489.
LaTeX Info: Redefining \cdots on input line 610.
\Mathstrutbox@=\box45
\strutbox@=\box46
\big@size=\dimen149
LaTeX Font Info:    Redeclaring font encoding OML on input line 733.
LaTeX Font Info:    Redeclaring font encoding OMS on input line 734.
\macc@depth=\count188
\c@MaxMatrixCols=\count189
\dotsspace@=\muskip16
\c@parentequation=\count190
\dspbrk@lvl=\count191
\tag@help=\toks17
\row@=\count192
\column@=\count193
\maxfields@=\count194
\andhelp@=\toks18
\eqnshift@=\dimen150
\alignsep@=\dimen151
\tagshift@=\dimen152
\tagwidth@=\dimen153
\totwidth@=\dimen154
\lineht@=\dimen155
\@envbody=\toks19
\multlinegap=\skip56
\multlinetaggap=\skip57
\mathdisplay@stack=\toks20
LaTeX Info: Redefining \[ on input line 2859.
LaTeX Info: Redefining \] on input line 2860.
)
("C:\Users\chaimaelmejgari\AppData\Local\Programs\MiKTeX 2.9\tex/latex/amscls\a
msthm.sty"
Package: amsthm 2017/10/31 v2.20.4
\thm@style=\toks21
\thm@bodyfont=\toks22
\thm@headfont=\toks23
\thm@notefont=\toks24
\thm@headpunct=\toks25
\thm@preskip=\skip58
\thm@postskip=\skip59
\thm@headsep=\skip60
\dth@everypar=\toks26
)
("C:\Users\chaimaelmejgari\AppData\Local\Programs\MiKTeX 2.9\tex/latex/amsfonts
\amsfonts.sty"
Package: amsfonts 2013/01/14 v3.01 Basic AMSFonts support
\symAMSa=\mathgroup4
\symAMSb=\mathgroup5
LaTeX Font Info:    Redeclaring math symbol \hbar on input line 98.
LaTeX Font Info:    Overwriting math alphabet `\mathfrak' in version `bold'
(Font)                  U/euf/m/n --> U/euf/b/n on input line 106.
)
("C:\Users\chaimaelmejgari\AppData\Local\Programs\MiKTeX 2.9\tex/latex/amsfonts
\amssymb.sty"
Package: amssymb 2013/01/14 v3.01 AMS font symbols
)
("C:\Users\chaimaelmejgari\AppData\Local\Programs\MiKTeX 2.9\tex/latex/base\lat
exsym.sty"
Package: latexsym 1998/08/17 v2.2e Standard LaTeX package (lasy symbols)
\symlasy=\mathgroup6
LaTeX Font Info:    Overwriting symbol font `lasy' in version `bold'
(Font)                  U/lasy/m/n --> U/lasy/b/n on input line 52.
)
("C:\Users\chaimaelmejgari\AppData\Local\Programs\MiKTeX 2.9\tex/latex/graphics
\graphics.sty"
Package: graphics 2019/11/30 v1.4a Standard LaTeX Graphics (DPC,SPQR)

("C:\Users\chaimaelmejgari\AppData\Local\Programs\MiKTeX 2.9\tex/latex/graphics
\trig.sty"
Package: trig 2016/01/03 v1.10 sin cos tan (DPC)
)
("C:\Users\chaimaelmejgari\AppData\Local\Programs\MiKTeX 2.9\tex/latex/graphics
-cfg\graphics.cfg"
File: graphics.cfg 2016/06/04 v1.11 sample graphics configuration
)
Package graphics Info: Driver file: pdftex.def on input line 105.

("C:\Users\chaimaelmejgari\AppData\Local\Programs\MiKTeX 2.9\tex/latex/graphics
-def\pdftex.def"
File: pdftex.def 2018/01/08 v1.0l Graphics/color driver for pdftex
))
("C:\Users\chaimaelmejgari\AppData\Local\Programs\MiKTeX 2.9\tex/latex/graphics
\graphicx.sty"
Package: graphicx 2019/11/30 v1.2a Enhanced LaTeX Graphics (DPC,SPQR)
\Gin@req@height=\dimen156
\Gin@req@width=\dimen157
)
("C:\Users\chaimaelmejgari\AppData\Local\Programs\MiKTeX 2.9\tex/latex/base\fon
tenc.sty"
Package: fontenc 2020/02/11 v2.0o Standard LaTeX package
)
("C:\Users\chaimaelmejgari\AppData\Local\Programs\MiKTeX 2.9\tex/latex/ae\ae.st
y"
Package: ae 2001/02/12 1.3 Almost European Computer Modern

("C:\Users\chaimaelmejgari\AppData\Local\Programs\MiKTeX 2.9\tex/latex/base\fon
tenc.sty"
Package: fontenc 2020/02/11 v2.0o Standard LaTeX package
))
("C:\Users\chaimaelmejgari\AppData\Local\Programs\MiKTeX 2.9\tex/latex/ae\aecom
pl.sty"
Package: aecompl 1998/07/23 0.9 T1 Complements for AE fonts (D. Roegel)
)
("C:\Users\chaimaelmejgari\AppData\Local\Programs\MiKTeX 2.9\tex/generic/babel\
babel.sty"
Package: babel 2020/02/14 3.40 The Babel package

("C:\Users\chaimaelmejgari\AppData\Local\Programs\MiKTeX 2.9\tex/generic/babel\
switch.def"
File: switch.def 2020/02/14 3.40 Babel switching mechanism
)
*************************************
* Local config file bblopts.cfg used
*

("C:\Users\chaimaelmejgari\AppData\Local\Programs\MiKTeX 2.9\tex/latex/arabi\bb
lopts.cfg"
File: bblopts.cfg 2005/09/08 v0.1 add Arabic and Farsi to "declared" options of
 babel
)
("C:\Users\chaimaelmejgari\AppData\Local\Programs\MiKTeX 2.9\tex/generic/babel-
french\francais.ldf"
Language: francais 2020/01/30 v3.5g French support from the babel system


Package francais.ldf Warning: Option `francais' for Babel is *deprecated*,
(francais.ldf)                it might be removed sooner or later. Please
(francais.ldf)                use `french' instead; reported on input line 31.


("C:\Users\chaimaelmejgari\AppData\Local\Programs\MiKTeX 2.9\tex/generic/babel-
french\french.ldf"
Language: french 2020/01/30 v3.5g French support from the babel system

("C:\Users\chaimaelmejgari\AppData\Local\Programs\MiKTeX 2.9\tex/generic/babel\
babel.def"
File: babel.def 2020/02/14 3.40 Babel common definitions
\babel@savecnt=\count195
\U@D=\dimen158

("C:\Users\chaimaelmejgari\AppData\Local\Programs\MiKTeX 2.9\tex/generic/babel\
txtbabel.def")
\bbl@readstream=\read2
\bbl@dirlevel=\count196
)
Package babel Info: \l@acadian = using hyphenrules for french
(babel)             (\language22) on input line 91.
Package babel Info: \l@canadien = using hyphenrules for french
(babel)             (\language22) on input line 92.
\FB@nonchar=\count197
Package babel Info: Making : an active character on input line 419.
Package babel Info: Making ; an active character on input line 420.
Package babel Info: Making ! an active character on input line 421.
Package babel Info: Making ? an active character on input line 422.
\FBguill@level=\count198
\FBold@everypar=\toks27
\FB@Mht=\dimen159
\mc@charclass=\count199
\mc@charfam=\count266
\mc@charslot=\count267
\std@mcc=\count268
\dec@mcc=\count269
\c@FBcaption@count=\count270
\listindentFB=\dimen160
\descindentFB=\dimen161
\labelindentFB=\dimen162
\labelwidthFB=\dimen163
\leftmarginFB=\dimen164
\parindentFFN=\dimen165
\FBfnindent=\dimen166
)))
("C:\Users\chaimaelmejgari\AppData\Local\Programs\MiKTeX 2.9\tex/latex/carlisle
\scalefnt.sty")
("C:\Users\chaimaelmejgari\AppData\Local\Programs\MiKTeX 2.9\tex/latex/algorith
m2e\algorithm2e.sty"
Package: algorithm2e 2017/07/18 v5.2 algorithms environments
\c@AlgoLine=\count271

("C:\Users\chaimaelmejgari\AppData\Local\Programs\MiKTeX 2.9\tex/latex/base\ift
hen.sty"
Package: ifthen 2014/09/29 v1.1c Standard LaTeX ifthen package (DPC)
)
\algocf@hangindent=\skip61

("C:\Users\chaimaelmejgari\AppData\Local\Programs\MiKTeX 2.9\tex/latex/ifoddpag
e\ifoddpage.sty"
Package: ifoddpage 2016/04/23 v1.1 Conditionals for odd/even page detection
\c@checkoddpage=\count272
)
("C:\Users\chaimaelmejgari\AppData\Local\Programs\MiKTeX 2.9\tex/latex/tools\xs
pace.sty"
Package: xspace 2014/10/28 v1.13 Space after command names (DPC,MH)
)
("C:\Users\chaimaelmejgari\AppData\Local\Programs\MiKTeX 2.9\tex/latex/relsize\
relsize.sty"
Package: relsize 2013/03/29 ver 4.1
)
\skiptotal=\skip62
\skiplinenumber=\skip63
\skiprule=\skip64
\skiphlne=\skip65
\skiptext=\skip66
\skiplength=\skip67
\algomargin=\skip68
\skipalgocfslide=\skip69
\algowidth=\dimen167
\inoutsize=\dimen168
\inoutindent=\dimen169
\interspacetitleruled=\dimen170
\interspacealgoruled=\dimen171
\interspacetitleboxruled=\dimen172
\algocf@ruledwidth=\skip70
\algocf@inoutbox=\box47
\algocf@inputbox=\box48
\AlCapSkip=\skip71
\AlCapHSkip=\skip72
\algoskipindent=\skip73
\algocf@nlbox=\box49
\algocf@hangingbox=\box50
\algocf@untilbox=\box51
\algocf@skipuntil=\skip74
\algocf@capbox=\box52
\algocf@lcaptionbox=\skip75
\algoheightruledefault=\skip76
\algoheightrule=\skip77
\algotitleheightruledefault=\skip78
\algotitleheightrule=\skip79
\c@algocfline=\count273
\c@algocfproc=\count274
\c@algocf=\count275
\algocf@algoframe=\box53
\algocf@algobox=\box54
)
\c@thm=\count276
\c@prob=\count277
\c@ex=\count278
\c@nt=\count279

("C:\Users\chaimaelmejgari\AppData\Local\Programs\MiKTeX 2.9\tex/latex/base\inp
utenc.sty"
Package: inputenc 2018/08/11 v1.3c Input encoding file
\inpenc@prehook=\toks28
\inpenc@posthook=\toks29
)
("C:\Users\chaimaelmejgari\AppData\Local\Programs\MiKTeX 2.9\tex/latex/setspace
\setspace.sty"
Package: setspace 2011/12/19 v6.7a set line spacing
)
("C:\Users\chaimaelmejgari\AppData\Local\Programs\MiKTeX 2.9\tex/latex/base\fon
tenc.sty"
Package: fontenc 2020/02/11 v2.0o Standard LaTeX package
LaTeX Font Info:    Trying to load font information for T1+aer on input line 11
2.

("C:\Users\chaimaelmejgari\AppData\Local\Programs\MiKTeX 2.9\tex/latex/ae\t1aer
.fd"
File: t1aer.fd 1997/11/16 Font definitions for T1/aer.
))
("C:\Users\chaimaelmejgari\AppData\Local\Programs\MiKTeX 2.9\tex/latex/hyperref
\hyperref.sty"
Package: hyperref 2020/01/14 v7.00d Hypertext links for LaTeX

("C:\Users\chaimaelmejgari\AppData\Local\Programs\MiKTeX 2.9\tex/generic/ltxcmd
s\ltxcmds.sty"
Package: ltxcmds 2019/12/15 v1.24 LaTeX kernel commands for general use (HO)
)
("C:\Users\chaimaelmejgari\AppData\Local\Programs\MiKTeX 2.9\tex/latex/pdftexcm
ds\pdftexcmds.sty"
Package: pdftexcmds 2019/11/24 v0.31 Utility functions of pdfTeX for LuaTeX (HO
)

("C:\Users\chaimaelmejgari\AppData\Local\Programs\MiKTeX 2.9\tex/generic/infwar
err\infwarerr.sty"
Package: infwarerr 2019/12/03 v1.5 Providing info/warning/error messages (HO)
)
Package pdftexcmds Info: \pdf@primitive is available.
Package pdftexcmds Info: \pdf@ifprimitive is available.
Package pdftexcmds Info: \pdfdraftmode found.
)
("C:\Users\chaimaelmejgari\AppData\Local\Programs\MiKTeX 2.9\tex/generic/kvsetk
eys\kvsetkeys.sty"
Package: kvsetkeys 2019/12/15 v1.18 Key value parser (HO)
)
("C:\Users\chaimaelmejgari\AppData\Local\Programs\MiKTeX 2.9\tex/generic/kvdefi
nekeys\kvdefinekeys.sty"
Package: kvdefinekeys 2019-12-19 v1.6 Define keys (HO)
)
("C:\Users\chaimaelmejgari\AppData\Local\Programs\MiKTeX 2.9\tex/generic/pdfesc
ape\pdfescape.sty"
Package: pdfescape 2019/12/09 v1.15 Implements pdfTeX's escape features (HO)
)
("C:\Users\chaimaelmejgari\AppData\Local\Programs\MiKTeX 2.9\tex/latex/hycolor\
hycolor.sty"
Package: hycolor 2020-01-27 v1.10 Color options for hyperref/bookmark (HO)
)
("C:\Users\chaimaelmejgari\AppData\Local\Programs\MiKTeX 2.9\tex/latex/letltxma
cro\letltxmacro.sty"
Package: letltxmacro 2019/12/03 v1.6 Let assignment for LaTeX macros (HO)
)
("C:\Users\chaimaelmejgari\AppData\Local\Programs\MiKTeX 2.9\tex/latex/auxhook\
auxhook.sty"
Package: auxhook 2019-12-17 v1.6 Hooks for auxiliary files (HO)
)
("C:\Users\chaimaelmejgari\AppData\Local\Programs\MiKTeX 2.9\tex/latex/kvoption
s\kvoptions.sty"
Package: kvoptions 2019/11/29 v3.13 Key value format for package options (HO)
)
\@linkdim=\dimen173
\Hy@linkcounter=\count280
\Hy@pagecounter=\count281

("C:\Users\chaimaelmejgari\AppData\Local\Programs\MiKTeX 2.9\tex/latex/hyperref
\pd1enc.def"
File: pd1enc.def 2020/01/14 v7.00d Hyperref: PDFDocEncoding definition (HO)
Now handling font encoding PD1 ...
... no UTF-8 mapping file for font encoding PD1
)
("C:\Users\chaimaelmejgari\AppData\Local\Programs\MiKTeX 2.9\tex/generic/intcal
c\intcalc.sty"
Package: intcalc 2019/12/15 v1.3 Expandable calculations with integers (HO)
)
("C:\Users\chaimaelmejgari\AppData\Local\Programs\MiKTeX 2.9\tex/generic/etexcm
ds\etexcmds.sty"
Package: etexcmds 2019/12/15 v1.7 Avoid name clashes with e-TeX commands (HO)
)
\Hy@SavedSpaceFactor=\count282
Package hyperref Info: Hyper figures OFF on input line 4547.
Package hyperref Info: Link nesting OFF on input line 4552.
Package hyperref Info: Hyper index ON on input line 4555.
Package hyperref Info: Plain pages OFF on input line 4562.
Package hyperref Info: Backreferencing OFF on input line 4567.
Package hyperref Info: Implicit mode ON; LaTeX internals redefined.
Package hyperref Info: Bookmarks ON on input line 4800.
\c@Hy@tempcnt=\count283

("C:\Users\chaimaelmejgari\AppData\Local\Programs\MiKTeX 2.9\tex/latex/url\url.
sty"
\Urlmuskip=\muskip17
Package: url 2013/09/16  ver 3.4  Verb mode for urls, etc.
)
LaTeX Info: Redefining \url on input line 5159.
\XeTeXLinkMargin=\dimen174

("C:\Users\chaimaelmejgari\AppData\Local\Programs\MiKTeX 2.9\tex/generic/bitset
\bitset.sty"
Package: bitset 2019/12/09 v1.3 Handle bit-vector datatype (HO)

("C:\Users\chaimaelmejgari\AppData\Local\Programs\MiKTeX 2.9\tex/generic/bigint
calc\bigintcalc.sty"
Package: bigintcalc 2019/12/15 v1.5 Expandable calculations on big integers (HO
)
))
\Fld@menulength=\count284
\Field@Width=\dimen175
\Fld@charsize=\dimen176
Package hyperref Info: Hyper figures OFF on input line 6430.
Package hyperref Info: Link nesting OFF on input line 6435.
Package hyperref Info: Hyper index ON on input line 6438.
Package hyperref Info: backreferencing OFF on input line 6445.
Package hyperref Info: Link coloring OFF on input line 6450.
Package hyperref Info: Link coloring with OCG OFF on input line 6455.
Package hyperref Info: PDF/A mode OFF on input line 6460.
LaTeX Info: Redefining \ref on input line 6500.
LaTeX Info: Redefining \pageref on input line 6504.

("C:\Users\chaimaelmejgari\AppData\Local\Programs\MiKTeX 2.9\tex/generic/atbegs
hi\atbegshi.sty"
Package: atbegshi 2019/12/05 v1.19 At begin shipout hook (HO)
)
\Hy@abspage=\count285
\c@Item=\count286
\c@Hfootnote=\count287
)
Package hyperref Info: Driver (autodetected): hpdftex.

("C:\Users\chaimaelmejgari\AppData\Local\Programs\MiKTeX 2.9\tex/latex/hyperref
\hpdftex.def"
File: hpdftex.def 2020/01/14 v7.00d Hyperref driver for pdfTeX

("C:\Users\chaimaelmejgari\AppData\Local\Programs\MiKTeX 2.9\tex/latex/atveryen
d\atveryend.sty"
Package: atveryend 2019-12-11 v1.11 Hooks at the very end of document (HO)
Package atveryend Info: \enddocument detected (standard20110627).
)
\Fld@listcount=\count288
\c@bookmark@seq@number=\count289

("C:\Users\chaimaelmejgari\AppData\Local\Programs\MiKTeX 2.9\tex/latex/rerunfil
echeck\rerunfilecheck.sty"
Package: rerunfilecheck 2019/12/05 v1.9 Rerun checks for auxiliary files (HO)

("C:\Users\chaimaelmejgari\AppData\Local\Programs\MiKTeX 2.9\tex/generic/unique
counter\uniquecounter.sty"
Package: uniquecounter 2019/12/15 v1.4 Provide unlimited unique counter (HO)
)
Package uniquecounter Info: New unique counter `rerunfilecheck' on input line 2
86.
)
\Hy@SectionHShift=\skip80
)
("C:\Users\chaimaelmejgari\AppData\Local\Programs\MiKTeX 2.9\tex/latex/fancyhdr
\fancyhdr.sty"
Package: fancyhdr 2019/01/31 v3.10 Extensive control of page headers and footer
s
\f@nch@headwidth=\skip81
\f@nch@O@elh=\skip82
\f@nch@O@erh=\skip83
\f@nch@O@olh=\skip84
\f@nch@O@orh=\skip85
\f@nch@O@elf=\skip86
\f@nch@O@erf=\skip87
\f@nch@O@olf=\skip88
\f@nch@O@orf=\skip89
)

! LaTeX Error: Option clash for package inputenc.

See the LaTeX manual or LaTeX Companion for explanation.
Type  H <return>  for immediate help.
 ...                                              
                                                  
l.35 \usepackage
                [T1]{fontenc}
The package inputenc has already been loaded with options:
  [utf8]
There has now been an attempt to load it with options
  [utf8x]
Adding the global options:
  utf8,utf8x
to your \documentclass declaration may fix this.
Try typing  <return>  to proceed.


("C:\Users\chaimaelmejgari\AppData\Local\Programs\MiKTeX 2.9\tex/latex/base\fon
tenc.sty"
Package: fontenc 2020/02/11 v2.0o Standard LaTeX package
)
("C:\Users\chaimaelmejgari\AppData\Local\Programs\MiKTeX 2.9\tex/latex/l3backen
d\l3backend-pdfmode.def"
File: l3backend-pdfmode.def 2020-02-03 L3 backend support: PDF mode
\l__kernel_color_stack_int=\count290
\l__pdf_internal_box=\box55
) (main.aux)
\openout1 = `main.aux'.

LaTeX Font Info:    Checking defaults for OML/cmm/m/it on input line 42.
LaTeX Font Info:    ... okay on input line 42.
LaTeX Font Info:    Checking defaults for OMS/cmsy/m/n on input line 42.
LaTeX Font Info:    ... okay on input line 42.
LaTeX Font Info:    Checking defaults for OT1/cmr/m/n on input line 42.
LaTeX Font Info:    ... okay on input line 42.
LaTeX Font Info:    Checking defaults for T1/cmr/m/n on input line 42.
LaTeX Font Info:    ... okay on input line 42.
LaTeX Font Info:    Checking defaults for TS1/cmr/m/n on input line 42.
LaTeX Font Info:    ... okay on input line 42.
LaTeX Font Info:    Checking defaults for OMX/cmex/m/n on input line 42.
LaTeX Font Info:    ... okay on input line 42.
LaTeX Font Info:    Checking defaults for U/cmr/m/n on input line 42.
LaTeX Font Info:    ... okay on input line 42.
LaTeX Font Info:    Checking defaults for PD1/pdf/m/n on input line 42.
LaTeX Font Info:    ... okay on input line 42.

*geometry* driver: auto-detecting
*geometry* detected driver: pdftex
*geometry* verbose mode - [ preamble ] result:
* driver: pdftex
* paper: a4paper
* layout: <same size as paper>
* layoutoffset:(h,v)=(0.0pt,0.0pt)
* modes: 
* h-part:(L,W,R)=(56.9055pt, 483.69687pt, 56.9055pt)
* v-part:(T,H,B)=(56.9055pt, 731.23584pt, 56.9055pt)
* \paperwidth=597.50787pt
* \paperheight=845.04684pt
* \textwidth=483.69687pt
* \textheight=731.23584pt
* \oddsidemargin=-15.36449pt
* \evensidemargin=-15.36449pt
* \topmargin=-52.36449pt
* \headheight=12.0pt
* \headsep=25.0pt
* \topskip=12.0pt
* \footskip=30.0pt
* \marginparwidth=35.0pt
* \marginparsep=10.0pt
* \columnsep=10.0pt
* \skip\footins=10.8pt plus 4.0pt minus 2.0pt
* \hoffset=0.0pt
* \voffset=0.0pt
* \mag=1000
* \@twocolumnfalse
* \@twosidefalse
* \@mparswitchfalse
* \@reversemarginfalse
* (1in=72.27pt=25.4mm, 1cm=28.453pt)


("C:\Users\chaimaelmejgari\AppData\Local\Programs\MiKTeX 2.9\tex/context/base/m
kii\supp-pdf.mkii"
[Loading MPS to PDF converter (version 2006.09.02).]
\scratchcounter=\count291
\scratchdimen=\dimen177
\scratchbox=\box56
\nofMPsegments=\count292
\nofMParguments=\count293
\everyMPshowfont=\toks30
\MPscratchCnt=\count294
\MPscratchDim=\dimen178
\MPnumerator=\count295
\makeMPintoPDFobject=\count296
\everyMPtoPDFconversion=\toks31
)
("C:\Users\chaimaelmejgari\AppData\Local\Programs\MiKTeX 2.9\tex/latex/epstopdf
-pkg\epstopdf-base.sty"
Package: epstopdf-base 2020-01-24 v2.11 Base part for package epstopdf

("C:\Users\chaimaelmejgari\AppData\Local\Programs\MiKTeX 2.9\tex/latex/grfext\g
rfext.sty"
Package: grfext 2019/12/03 v1.3 Manage graphics extensions (HO)
)
Package epstopdf-base Info: Redefining graphics rule for `.eps' on input line 4
85.
Package grfext Info: Graphics extension search list:
(grfext)             [.pdf,.png,.jpg,.mps,.jpeg,.jbig2,.jb2,.PDF,.PNG,.JPG,.JPE
G,.JBIG2,.JB2,.eps]
(grfext)             \AppendGraphicsExtensions on input line 504.
)
LaTeX Info: Redefining \degres on input line 42.
LaTeX Info: Redefining \dots on input line 42.
LaTeX Info: Redefining \up on input line 42.
\AtBeginShipoutBox=\box57
Package hyperref Info: Link coloring OFF on input line 42.

("C:\Users\chaimaelmejgari\AppData\Local\Programs\MiKTeX 2.9\tex/latex/hyperref
\nameref.sty"
Package: nameref 2019/09/16 v2.46 Cross-referencing by name of section

("C:\Users\chaimaelmejgari\AppData\Local\Programs\MiKTeX 2.9\tex/latex/refcount
\refcount.sty"
Package: refcount 2019/12/15 v3.6 Data extraction from label references (HO)
)
("C:\Users\chaimaelmejgari\AppData\Local\Programs\MiKTeX 2.9\tex/generic/gettit
lestring\gettitlestring.sty"
Package: gettitlestring 2019/12/15 v1.6 Cleanup title references (HO)
)
\c@section@level=\count297
)
LaTeX Info: Redefining \ref on input line 42.
LaTeX Info: Redefining \pageref on input line 42.
LaTeX Info: Redefining \nameref on input line 42.
 (main.out) (main.out)
\@outlinefile=\write3
\openout3 = `main.out'.

<fsa.png, id=151, 1234.6125pt x 170.6375pt>
File: fsa.png Graphic file (type png)
<use fsa.png>
Package pdftex.def Info: fsa.png  used on input line 50.
(pdftex.def)             Requested size: 362.77264pt x 50.13974pt.


! Package inputenc Error: Unicode character ¬é (U+008E)
(inputenc)                not set up for use with LaTeX.

See the inputenc package documentation for explanation.
Type  H <return>  for immediate help.
 ...                                              
                                                  
l.56 }
      }
You may provide a definition with
\DeclareUnicodeCharacter 


! Package inputenc Error: Unicode character ¬é (U+008E)
(inputenc)                not set up for use with LaTeX.

See the inputenc package documentation for explanation.
Type  H <return>  for immediate help.
 ...                                              
                                                  
l.56 }
      }
You may provide a definition with
\DeclareUnicodeCharacter 


! Package inputenc Error: Unicode character ¬é (U+008E)
(inputenc)                not set up for use with LaTeX.

See the inputenc package documentation for explanation.
Type  H <return>  for immediate help.
 ...                                              
                                                  
l.56 }
      }
You may provide a definition with
\DeclareUnicodeCharacter 


! Package inputenc Error: Unicode character ¬è (U+008F)
(inputenc)                not set up for use with LaTeX.

See the inputenc package documentation for explanation.
Type  H <return>  for immediate help.
 ...                                              
                                                  
l.56 }
      }
You may provide a definition with
\DeclareUnicodeCharacter 


! Package inputenc Error: Unicode character ¬é (U+008E)
(inputenc)                not set up for use with LaTeX.

See the inputenc package documentation for explanation.
Type  H <return>  for immediate help.
 ...                                              
                                                  
l.56 }
      }
You may provide a definition with
\DeclareUnicodeCharacter 


! Package inputenc Error: Unicode character ¬é (U+008E)
(inputenc)                not set up for use with LaTeX.

See the inputenc package documentation for explanation.
Type  H <return>  for immediate help.
 ...                                              
                                                  
l.64 \large{ Projet tutor¬é
                            pr\'{e}par\'{e} par }
You may provide a definition with
\DeclareUnicodeCharacter 

LaTeX Font Info:    Trying to load font information for U+msa on input line 70.


("C:\Users\chaimaelmejgari\AppData\Local\Programs\MiKTeX 2.9\tex/latex/amsfonts
\umsa.fd"
File: umsa.fd 2013/01/14 v3.01 AMS symbols A
)
LaTeX Font Info:    Trying to load font information for U+msb on input line 70.


("C:\Users\chaimaelmejgari\AppData\Local\Programs\MiKTeX 2.9\tex/latex/amsfonts
\umsb.fd"
File: umsb.fd 2013/01/14 v3.01 AMS symbols B
)
LaTeX Font Info:    Trying to load font information for U+lasy on input line 70
.

("C:\Users\chaimaelmejgari\AppData\Local\Programs\MiKTeX 2.9\tex/latex/base\ula
sy.fd"
File: ulasy.fd 1998/08/17 v2.2e LaTeX symbol font definitions
)

! Package inputenc Error: Unicode character ¬à (U+0088)
(inputenc)                not set up for use with LaTeX.

See the inputenc package documentation for explanation.
Type  H <return>  for immediate help.
 ...                                              
                                                  
l.88 ..............................& Professeur ¬à
                                                   la Facult¬é des sciences ...

You may provide a definition with
\DeclareUnicodeCharacter 


! Package inputenc Error: Unicode character ¬é (U+008E)
(inputenc)                not set up for use with LaTeX.

See the inputenc package documentation for explanation.
Type  H <return>  for immediate help.
 ...                                              
                                                  
l.88 ..................& Professeur ¬à la Facult¬é
                                                   des sciences Agadir\\
You may provide a definition with
\DeclareUnicodeCharacter 


! Package inputenc Error: Unicode character ¬à (U+0088)
(inputenc)                not set up for use with LaTeX.

See the inputenc package documentation for explanation.
Type  H <return>  for immediate help.
 ...                                              
                                                  
l.89 Prof. .............& Professeur ¬à
                                        la   Facult¬é des sciences Agadir
You may provide a definition with
\DeclareUnicodeCharacter 


! Package inputenc Error: Unicode character ¬é (U+008E)
(inputenc)                not set up for use with LaTeX.

See the inputenc package documentation for explanation.
Type  H <return>  for immediate help.
 ...                                              
                                                  
l.89 ................& Professeur ¬à la   Facult¬é
                                                   des sciences Agadir
You may provide a definition with
\DeclareUnicodeCharacter 


! Package inputenc Error: Unicode character ¬é (U+008E)
(inputenc)                not set up for use with LaTeX.

See the inputenc package documentation for explanation.
Type  H <return>  for immediate help.
 ...                                              
                                                  
l.94 \emph{Ann¬ée Universitaire : 2019-2020}
                                            
You may provide a definition with
\DeclareUnicodeCharacter 

[1

{C:/Users/chaimaelmejgari/AppData/Local/MiKTeX/2.9/pdftex/config/pdftex.map} <.
/fsa.png>]pdfTeX warning (ext4): destination with the same identifier (name{pag
e.1}) has been already used, duplicate ignored
<to be read again> 
                   \relax 
l.107 \chapter
              *{Remerciements} [1

] [2

] (main.toc [3

])
\tf@toc=\write4
\openout4 = `main.toc'.

 [4]
Chapitre 1.
<imagenum.png, id=216, 537.50812pt x 328.97906pt>
! Missing number, treated as zero.
<to be read again> 
                   \relax 
l.125 ...t=5cm,width=10cm\textwidth]{imagenum.png}
                                                  
A number should have been here; I inserted `0'.
(If you can't figure out why I needed to see a number,
look up `weird error' in the index to The TeXbook.)

! Illegal unit of measure (pt inserted).
<to be read again> 
                   \relax 
l.125 ...t=5cm,width=10cm\textwidth]{imagenum.png}
                                                  
Dimensions can be in units of em, ex, in, pt, pc,
cm, mm, dd, cc, nd, nc, bp, or sp; but yours is a new one!
I'll assume that you meant to say pt, for printer's points.
To recover gracefully from this error, it's best to
delete the erroneous units; e.g., type `2' to delete
two letters. (See Chapter 27 of The TeXbook.)

File: imagenum.png Graphic file (type png)
<use imagenum.png>
Package pdftex.def Info: imagenum.png  used on input line 125.
(pdftex.def)             Requested size: 284.52527pt x 142.26642pt.
<noir1.png, id=218, 374.90062pt x 249.93375pt>
! Missing number, treated as zero.
<to be read again> 
                   \relax 
l.135 ...=3.25cm,width=3.5cm\textwidth]{noir1.png}
                                                  
A number should have been here; I inserted `0'.
(If you can't figure out why I needed to see a number,
look up `weird error' in the index to The TeXbook.)

! Illegal unit of measure (pt inserted).
<to be read again> 
                   \relax 
l.135 ...=3.25cm,width=3.5cm\textwidth]{noir1.png}
                                                  
Dimensions can be in units of em, ex, in, pt, pc,
cm, mm, dd, cc, nd, nc, bp, or sp; but yours is a new one!
I'll assume that you meant to say pt, for printer's points.
To recover gracefully from this error, it's best to
delete the erroneous units; e.g., type `2' to delete
two letters. (See Chapter 27 of The TeXbook.)

File: noir1.png Graphic file (type png)
<use noir1.png>
Package pdftex.def Info: noir1.png  used on input line 135.
(pdftex.def)             Requested size: 99.58273pt x 92.47021pt.
<noir3.png, id=219, 275.52937pt x 179.16937pt>
! Missing number, treated as zero.
<to be read again> 
                   \relax 
l.138 ...=3.25cm,width=3.5cm\textwidth]{noir3.png}
                                                  
A number should have been here; I inserted `0'.
(If you can't figure out why I needed to see a number,
look up `weird error' in the index to The TeXbook.)

! Illegal unit of measure (pt inserted).
<to be read again> 
                   \relax 
l.138 ...=3.25cm,width=3.5cm\textwidth]{noir3.png}
                                                  
Dimensions can be in units of em, ex, in, pt, pc,
cm, mm, dd, cc, nd, nc, bp, or sp; but yours is a new one!
I'll assume that you meant to say pt, for printer's points.
To recover gracefully from this error, it's best to
delete the erroneous units; e.g., type `2' to delete
two letters. (See Chapter 27 of The TeXbook.)

File: noir3.png Graphic file (type png)
<use noir3.png>
Package pdftex.def Info: noir3.png  used on input line 138.
(pdftex.def)             Requested size: 99.58568pt x 92.47145pt.
<noir2.png, id=220, 277.035pt x 179.92218pt>
! Missing number, treated as zero.
<to be read again> 
                   \relax 
l.141 ...=3.25cm,width=3.5cm\textwidth]{noir2.png}
                                                  
A number should have been here; I inserted `0'.
(If you can't figure out why I needed to see a number,
look up `weird error' in the index to The TeXbook.)

! Illegal unit of measure (pt inserted).
<to be read again> 
                   \relax 
l.141 ...=3.25cm,width=3.5cm\textwidth]{noir2.png}
                                                  
Dimensions can be in units of em, ex, in, pt, pc,
cm, mm, dd, cc, nd, nc, bp, or sp; but yours is a new one!
I'll assume that you meant to say pt, for printer's points.
To recover gracefully from this error, it's best to
delete the erroneous units; e.g., type `2' to delete
two letters. (See Chapter 27 of The TeXbook.)

File: noir2.png Graphic file (type png)
<use noir2.png>
Package pdftex.def Info: noir2.png  used on input line 141.
(pdftex.def)             Requested size: 99.58456pt x 92.47289pt.
[5

 <./imagenum.png>]
<gris.png, id=228, 361.35pt x 408.02437pt>

! Missing number, treated as zero.
<to be read again> 
                   \relax 
l.151 ...=3.25cm,width=3.5cm \textwidth]{gris.png}
                                                  
A number should have been here; I inserted `0'.
(If you can't figure out why I needed to see a number,
look up `weird error' in the index to The TeXbook.)

! Illegal unit of measure (pt inserted).
<to be read again> 
                   \relax 
l.151 ...=3.25cm,width=3.5cm \textwidth]{gris.png}
                                                  
Dimensions can be in units of em, ex, in, pt, pc,
cm, mm, dd, cc, nd, nc, bp, or sp; but yours is a new one!
I'll assume that you meant to say pt, for printer's points.
To recover gracefully from this error, it's best to
delete the erroneous units; e.g., type `2' to delete
two letters. (See Chapter 27 of The TeXbook.)

File: gris.png Graphic file (type png)
<use gris.png>
Package pdftex.def Info: gris.png  used on input line 151.
(pdftex.def)             Requested size: 99.58383pt x 92.4677pt.
<gray3.png, id=229, 273.27094pt x 150.5625pt>
! Missing number, treated as zero.
<to be read again> 
                   \relax 
l.154 ....25cm ,width=3.5cm \textwidth]{gray3.png}
                                                  
A number should have been here; I inserted `0'.
(If you can't figure out why I needed to see a number,
look up `weird error' in the index to The TeXbook.)

! Illegal unit of measure (pt inserted).
<to be read again> 
                   \relax 
l.154 ....25cm ,width=3.5cm \textwidth]{gray3.png}
                                                  
Dimensions can be in units of em, ex, in, pt, pc,
cm, mm, dd, cc, nd, nc, bp, or sp; but yours is a new one!
I'll assume that you meant to say pt, for printer's points.
To recover gracefully from this error, it's best to
delete the erroneous units; e.g., type `2' to delete
two letters. (See Chapter 27 of The TeXbook.)

File: gray3.png Graphic file (type png)
<use gray3.png>
Package pdftex.def Info: gray3.png  used on input line 154.
(pdftex.def)             Requested size: 99.58252pt x 92.47476pt.
<gray2.png, id=230, 263.48438pt x 156.585pt>
! Missing number, treated as zero.
<to be read again> 
                   \relax 
l.157 ....25cm, width=3.5cm \textwidth]{gray2.png}
                                                  
A number should have been here; I inserted `0'.
(If you can't figure out why I needed to see a number,
look up `weird error' in the index to The TeXbook.)

! Illegal unit of measure (pt inserted).
<to be read again> 
                   \relax 
l.157 ....25cm, width=3.5cm \textwidth]{gray2.png}
                                                  
Dimensions can be in units of em, ex, in, pt, pc,
cm, mm, dd, cc, nd, nc, bp, or sp; but yours is a new one!
I'll assume that you meant to say pt, for printer's points.
To recover gracefully from this error, it's best to
delete the erroneous units; e.g., type `2' to delete
two letters. (See Chapter 27 of The TeXbook.)

File: gray2.png Graphic file (type png)
<use gray2.png>
Package pdftex.def Info: gray2.png  used on input line 157.
(pdftex.def)             Requested size: 99.58635pt x 92.47513pt.
! Undefined control sequence.
l.161 \raggedrightLes
                      images en niveaux de gris renferment 256 teintes de gr...
The control sequence at the end of the top line
of your error message was never \def'ed. If you have
misspelled it (e.g., `\hobx'), type `I' and the correct
spelling (e.g., `I\hbox'). Otherwise just continue,
and I'll forget about whatever was undefined.

! Missing $ inserted.
<inserted text> 
                $
l.162 \newline Il est donc compris entre 0 et 2^
                                                {8}-1=255. On peut coder une...
I've inserted a begin-math/end-math symbol since I think
you left one out. Proceed, with fingers crossed.


! Package inputenc Error: Unicode character ‚â§ (U+2264)
(inputenc)                not set up for use with LaTeX.

See the inputenc package documentation for explanation.
Type  H <return>  for immediate help.
 ...                                              
                                                  
l.162 ...age en niveaux de gris sur 16 bits (0 ‚â§
                                                   n ‚â§ 216 - 1) ou sur 2 b...

You may provide a definition with
\DeclareUnicodeCharacter 


! Package inputenc Error: Unicode character ‚â§ (U+2264)
(inputenc)                not set up for use with LaTeX.

See the inputenc package documentation for explanation.
Type  H <return>  for immediate help.
 ...                                              
                                                  
l.162 ... niveaux de gris sur 16 bits (0 ‚â§ n ‚â§
                                                   216 - 1) ou sur 2 bits, d...

You may provide a definition with
\DeclareUnicodeCharacter 

! Missing $ inserted.
<inserted text> 
                $
l.163 
      
I've inserted a begin-math/end-math symbol since I think
you left one out. Proceed, with fingers crossed.


Overfull \hbox (22.09357pt too wide) in paragraph at lines 161--163
\T1/aer/m/n/12 Il est donc com-pris entre 0 et 2$[] \OMS/cmsy/m/n/12   \OT1/cmr
/m/n/12 1 = 255\OML/cmm/m/it/12 :Onpeutcoderuneimageenniveauxdegrissur\OT1/cmr/
m/n/12 16\OML/cmm/m/it/12 bits\OT1/cmr/m/n/12 (0\OML/cmm/m/it/12 n\OT1/cmr/m/n/
12 216 \OMS/cmsy/m/n/12  
 []


Overfull \hbox (53.00505pt too wide) in paragraph at lines 161--163
\OT1/cmr/m/n/12 1)\OML/cmm/m/it/12 ousur\OT1/cmr/m/n/12 2\OML/cmm/m/it/12 bits;
 danscederniercasleniveaudegrisvaut\OT1/cmr/m/n/12 0\OML/cmm/m/it/12 ou\OT1/cmr
/m/n/12 1 : \OML/cmm/m/it/12 ils[]agitalorsd[]uneimagebinaire\OT1/cmr/m/n/12 (\
OML/cmm/m/it/12 NoiretBlanc\OT1/cmr/m/n/12 )\OML/cmm/m/it/12 :$ 
 []

<couleur1.jpg, id=231, 1003.75pt x 562.1pt>
! Missing number, treated as zero.
<to be read again> 
                   \relax 
l.168 ...25cm,width=3.5cm\textwidth]{couleur1.jpg}
                                                  
A number should have been here; I inserted `0'.
(If you can't figure out why I needed to see a number,
look up `weird error' in the index to The TeXbook.)

! Illegal unit of measure (pt inserted).
<to be read again> 
                   \relax 
l.168 ...25cm,width=3.5cm\textwidth]{couleur1.jpg}
                                                  
Dimensions can be in units of em, ex, in, pt, pc,
cm, mm, dd, cc, nd, nc, bp, or sp; but yours is a new one!
I'll assume that you meant to say pt, for printer's points.
To recover gracefully from this error, it's best to
delete the erroneous units; e.g., type `2' to delete
two letters. (See Chapter 27 of The TeXbook.)

File: couleur1.jpg Graphic file (type jpg)
<use couleur1.jpg>
Package pdftex.def Info: couleur1.jpg  used on input line 168.
(pdftex.def)             Requested size: 99.58444pt x 92.46803pt.
<couleur2.png, id=232, 268.75406pt x 160.34906pt>
! Missing number, treated as zero.
<to be read again> 
                   \relax 
l.171 ...25cm,width=3.5cm\textwidth]{couleur2.png}
                                                  
A number should have been here; I inserted `0'.
(If you can't figure out why I needed to see a number,
look up `weird error' in the index to The TeXbook.)

! Illegal unit of measure (pt inserted).
<to be read again> 
                   \relax 
l.171 ...25cm,width=3.5cm\textwidth]{couleur2.png}
                                                  
Dimensions can be in units of em, ex, in, pt, pc,
cm, mm, dd, cc, nd, nc, bp, or sp; but yours is a new one!
I'll assume that you meant to say pt, for printer's points.
To recover gracefully from this error, it's best to
delete the erroneous units; e.g., type `2' to delete
two letters. (See Chapter 27 of The TeXbook.)

File: couleur2.png Graphic file (type png)
<use couleur2.png>
Package pdftex.def Info: couleur2.png  used on input line 171.
(pdftex.def)             Requested size: 99.58507pt x 92.47401pt.
<couleur3.png, id=233, 286.06876pt x 152.06813pt>
! Missing number, treated as zero.
<to be read again> 
                   \relax 
l.174 ...25cm,width=3.5cm\textwidth]{couleur3.png}
                                                  
A number should have been here; I inserted `0'.
(If you can't figure out why I needed to see a number,
look up `weird error' in the index to The TeXbook.)

! Illegal unit of measure (pt inserted).
<to be read again> 
                   \relax 
l.174 ...25cm,width=3.5cm\textwidth]{couleur3.png}
                                                  
Dimensions can be in units of em, ex, in, pt, pc,
cm, mm, dd, cc, nd, nc, bp, or sp; but yours is a new one!
I'll assume that you meant to say pt, for printer's points.
To recover gracefully from this error, it's best to
delete the erroneous units; e.g., type `2' to delete
two letters. (See Chapter 27 of The TeXbook.)

File: couleur3.png Graphic file (type png)
<use couleur3.png>
Package pdftex.def Info: couleur3.png  used on input line 174.
(pdftex.def)             Requested size: 99.58429pt x 92.4737pt.
[6 <./noir1.png> <./noir3.png> <./noir2.png> <./gris.png> <./gray3.png> <./gray
2.png> <./couleur1.jpg> <./couleur2.png> <./couleur3.png>]

! LaTeX Error: There's no line here to end.

See the LaTeX manual or LaTeX Companion for explanation.
Type  H <return>  for immediate help.
 ...                                              
                                                  
l.181 \newline
              
Your command was ignored.
Type  I <command> <return>  to replace it with another command,
or  <return>  to continue without it.


! LaTeX Error: There's no line here to end.

See the LaTeX manual or LaTeX Companion for explanation.
Type  H <return>  for immediate help.
 ...                                              
                                                  
l.182 \newline
              
Your command was ignored.
Type  I <command> <return>  to replace it with another command,
or  <return>  to continue without it.


! LaTeX Error: There's no line here to end.

See the LaTeX manual or LaTeX Companion for explanation.
Type  H <return>  for immediate help.
 ...                                              
                                                  
l.183 \newline
              
Your command was ignored.
Type  I <command> <return>  to replace it with another command,
or  <return>  to continue without it.


Underfull \hbox (badness 10000) in paragraph at lines 186--191

 []


Underfull \hbox (badness 10000) in paragraph at lines 196--197
[]\T1/aer/m/n/12 Affichage
 []


Underfull \hbox (badness 10000) in paragraph at lines 200--201
[]\T1/aer/m/n/12 Image non dÈ-
 []


Underfull \hbox (badness 10000) in paragraph at lines 200--201
\T1/aer/m/n/12 gra-dÈe mais trËs
 []


Underfull \hbox (badness 2591) in paragraph at lines 202--202
\T1/aer/m/n/12 qua-litÈ.Plus la com-
 []


Underfull \hbox (badness 7047) in paragraph at lines 202--202
\T1/aer/m/n/12 pres-sion est im-por-
 []


Underfull \hbox (badness 10000) in paragraph at lines 202--203
[]\T1/aer/m/n/12 Tous usages,selon
 []


Underfull \hbox (badness 10000) in paragraph at lines 202--203
\T1/aer/m/n/12 com-pres-
 []


Overfull \hbox (6.89575pt too wide) in paragraph at lines 202--203
\T1/aer/m/n/12 sion.Images"naturelles".| 
 []


Underfull \hbox (badness 10000) in paragraph at lines 204--204
[]\T1/aer/m/n/12 de 2 ‡
 []


Underfull \hbox (badness 10000) in paragraph at lines 204--204
\T1/aer/m/n/12 256 avec
 []


Underfull \hbox (badness 10000) in paragraph at lines 204--205
[]\T1/aer/m/n/12 Logos et In-ter-
 []


Underfull \hbox (badness 10000) in paragraph at lines 204--205
\T1/aer/m/n/12 net.Supporte les
 []


Underfull \hbox (badness 10000) in paragraph at lines 204--205
\T1/aer/m/n/12 ani-ma-tions et la
 []


Underfull \hbox (badness 10000) in paragraph at lines 206--206
[]\T1/aer/m/n/12 RÈglable, au choix
 []


Underfull \hbox (badness 3826) in paragraph at lines 206--206
\T1/aer/m/n/12 sans perte ou avec
 []


Underfull \hbox (badness 4036) in paragraph at lines 208--208
[]\T1/aer/m/n/12 Oui, sans perte de
 []


Underfull \hbox (badness 3333) in paragraph at lines 208--209
\T1/aer/m/n/12 tible avec les na-vi-
 []


Underfull \hbox (badness 10000) in paragraph at lines 192--213

 []


Underfull \hbox (badness 10000) in paragraph at lines 192--213

 []

[7]
<capteur1.png, id=257, 462.97969pt x 174.6525pt>

! Missing number, treated as zero.
<to be read again> 
                   \relax 
l.222 ...t=5cm,width=10cm\textwidth]{capteur1.png}
                                                  
A number should have been here; I inserted `0'.
(If you can't figure out why I needed to see a number,
look up `weird error' in the index to The TeXbook.)

! Illegal unit of measure (pt inserted).
<to be read again> 
                   \relax 
l.222 ...t=5cm,width=10cm\textwidth]{capteur1.png}
                                                  
Dimensions can be in units of em, ex, in, pt, pc,
cm, mm, dd, cc, nd, nc, bp, or sp; but yours is a new one!
I'll assume that you meant to say pt, for printer's points.
To recover gracefully from this error, it's best to
delete the erroneous units; e.g., type `2' to delete
two letters. (See Chapter 27 of The TeXbook.)

File: capteur1.png Graphic file (type png)
<use capteur1.png>
Package pdftex.def Info: capteur1.png  used on input line 222.
(pdftex.def)             Requested size: 284.52946pt x 142.27257pt.

Underfull \hbox (badness 10000) in paragraph at lines 227--231

 []


Underfull \hbox (badness 10000) in paragraph at lines 227--231

 []

<capteur2.png, id=258, 501.37312pt x 231.11343pt>
! Missing number, treated as zero.
<to be read again> 
                   \relax 
l.236 ...t=5cm,width=10cm\textwidth]{capteur2.png}
                                                  
A number should have been here; I inserted `0'.
(If you can't figure out why I needed to see a number,
look up `weird error' in the index to The TeXbook.)

! Illegal unit of measure (pt inserted).
<to be read again> 
                   \relax 
l.236 ...t=5cm,width=10cm\textwidth]{capteur2.png}
                                                  
Dimensions can be in units of em, ex, in, pt, pc,
cm, mm, dd, cc, nd, nc, bp, or sp; but yours is a new one!
I'll assume that you meant to say pt, for printer's points.
To recover gracefully from this error, it's best to
delete the erroneous units; e.g., type `2' to delete
two letters. (See Chapter 27 of The TeXbook.)

File: capteur2.png Graphic file (type png)
<use capteur2.png>
Package pdftex.def Info: capteur2.png  used on input line 236.
(pdftex.def)             Requested size: 284.53864pt x 142.26263pt.

Underfull \hbox (badness 10000) in paragraph at lines 232--245

 []


Underfull \hbox (badness 10000) in paragraph at lines 232--245

 []


Underfull \hbox (badness 10000) in paragraph at lines 232--245

 []


Underfull \hbox (badness 10000) in paragraph at lines 232--245

 []


Underfull \hbox (badness 10000) in paragraph at lines 232--245

 []


LaTeX Warning: `!h' float specifier changed to `!ht'.

<m.jpg, id=259, 604.2575pt x 380.42125pt>
File: m.jpg Graphic file (type jpg)
<use m.jpg>
Package pdftex.def Info: m.jpg  used on input line 252.
(pdftex.def)             Requested size: 435.32422pt x 274.06561pt.
[8 <./capteur1.png>]

! LaTeX Error: There's no line here to end.

See the LaTeX manual or LaTeX Companion for explanation.
Type  H <return>  for immediate help.
 ...                                              
                                                  
l.256 \newline
              
Your command was ignored.
Type  I <command> <return>  to replace it with another command,
or  <return>  to continue without it.


Underfull \hbox (badness 10000) in paragraph at lines 257--259

 []


Underfull \hbox (badness 10000) in paragraph at lines 260--264

 []


Overfull \hbox (0.14851pt too wide) in paragraph at lines 265--268
[]\T1/aer/m/n/12 Un CCD trans-porte la charge ‡ tra-vers la puce etle lit dans 
un coin du ta-bleau.Un analogique-
 []

[9 <./capteur2.png> <./m.jpg>] [10]

! LaTeX Error: There's no line here to end.

See the LaTeX manual or LaTeX Companion for explanation.
Type  H <return>  for immediate help.
 ...                                              
                                                  
l.280 \newline
              
Your command was ignored.
Type  I <command> <return>  to replace it with another command,
or  <return>  to continue without it.


! LaTeX Error: There's no line here to end.

See the LaTeX manual or LaTeX Companion for explanation.
Type  H <return>  for immediate help.
 ...                                              
                                                  
l.281 \newline
              
Your command was ignored.
Type  I <command> <return>  to replace it with another command,
or  <return>  to continue without it.


! LaTeX Error: There's no line here to end.

See the LaTeX manual or LaTeX Companion for explanation.
Type  H <return>  for immediate help.
 ...                                              
                                                  
l.288 \newline
              
Your command was ignored.
Type  I <command> <return>  to replace it with another command,
or  <return>  to continue without it.


! LaTeX Error: There's no line here to end.

See the LaTeX manual or LaTeX Companion for explanation.
Type  H <return>  for immediate help.
 ...                                              
                                                  
l.289 \newline
               Ou Bj est une variable al√©atoire de moyenne √©gale √† 1. La ...

Your command was ignored.
Type  I <command> <return>  to replace it with another command,
or  <return>  to continue without it.

[11]
Underfull \hbox (badness 10000) in paragraph at lines 292--296

 []

<bruit_gaussien.jpg, id=281, 259.97125pt x 194.7275pt>
File: bruit_gaussien.jpg Graphic file (type jpg)
<use bruit_gaussien.jpg>
Package pdftex.def Info: bruit_gaussien.jpg  used on input line 306.
(pdftex.def)             Requested size: 145.11053pt x 108.69305pt.

Underfull \hbox (badness 10000) in paragraph at lines 297--310

 []

<periodique.jpg, id=282, 803.0pt x 600.2425pt>
File: periodique.jpg Graphic file (type jpg)
<use periodique.jpg>
Package pdftex.def Info: periodique.jpg  used on input line 314.
(pdftex.def)             Requested size: 145.11053pt x 108.46945pt.
<ch.PNG, id=283, 213.04594pt x 144.54pt>
File: ch.PNG Graphic file (type png)
<use ch.PNG>
Package pdftex.def Info: ch.PNG  used on input line 322.
(pdftex.def)             Requested size: 145.11053pt x 98.4557pt.

Underfull \hbox (badness 10000) in paragraph at lines 318--326

 []

[12 <./bruit_gaussien.jpg> <./periodique.jpg>]
<lu.PNG, id=291, 218.31563pt x 147.55125pt>
File: lu.PNG Graphic file (type png)
<use lu.PNG>
Package pdftex.def Info: lu.PNG  used on input line 331.
(pdftex.def)             Requested size: 145.11053pt x 98.0753pt.
<poi.png, id=292, 321.2pt x 429.605pt>
File: poi.png Graphic file (type png)
<use poi.png>
Package pdftex.def Info: poi.png  used on input line 338.
(pdftex.def)             Requested size: 145.11209pt x 92.46815pt.


LaTeX Warning: `!h' float specifier changed to `!ht'.

[13 <./ch.PNG> <./lu.PNG>] [14 <./poi.png (PNG copy)>]
Chapitre 2.

Underfull \hbox (badness 10000) in paragraph at lines 350--357

 []


Underfull \hbox (badness 10000) in paragraph at lines 359--365

 []

<c.PNG, id=306, 395.97937pt x 184.43906pt>
File: c.PNG Graphic file (type png)
<use c.PNG>
Package pdftex.def Info: c.PNG  used on input line 376.
(pdftex.def)             Requested size: 193.47578pt x 90.117pt.

Underfull \hbox (badness 10000) in paragraph at lines 368--382

 []


LaTeX Warning: `!h' float specifier changed to `!ht'.


! LaTeX Error: There's no line here to end.

See the LaTeX manual or LaTeX Companion for explanation.
Type  H <return>  for immediate help.
 ...                                              
                                                  
l.385 \newline
              
Your command was ignored.
Type  I <command> <return>  to replace it with another command,
or  <return>  to continue without it.

[15

]
<median1.png, id=312, 542.025pt x 160.34906pt>
File: median1.png Graphic file (type png)
<use median1.png>
Package pdftex.def Info: median1.png  used on input line 408.
(pdftex.def)             Requested size: 241.84961pt x 113.81436pt.

Underfull \hbox (badness 10000) in paragraph at lines 404--421

 []


Underfull \hbox (badness 10000) in paragraph at lines 404--421

 []


Underfull \hbox (badness 10000) in paragraph at lines 404--421

 []


Underfull \hbox (badness 10000) in paragraph at lines 404--421

 []


Underfull \hbox (badness 10000) in paragraph at lines 404--421

 []


Underfull \hbox (badness 10000) in paragraph at lines 404--421

 []


Underfull \hbox (badness 10000) in paragraph at lines 404--421

 []


LaTeX Warning: `!h' float specifier changed to `!ht'.

[16 <./c.PNG>]
Underfull \hbox (badness 10000) in paragraph at lines 422--427

 []


Underfull \hbox (badness 10000) in paragraph at lines 429--434

 []


Underfull \hbox (badness 10000) in paragraph at lines 435--442

 []

[17 <./median1.png>]
<NLmeans.jpg, id=335, 225.09094pt x 203.25937pt>
File: NLmeans.jpg Graphic file (type jpg)
<use NLmeans.jpg>
Package pdftex.def Info: NLmeans.jpg  used on input line 459.
(pdftex.def)             Requested size: 145.11555pt x 113.80896pt.

Underfull \hbox (badness 10000) in paragraph at lines 463--466

 []

[18 <./NLmeans.jpg>]
Underfull \hbox (badness 10000) in paragraph at lines 466--469

 []


Underfull \hbox (badness 10000) in paragraph at lines 469--478

 []

[19]
Chapitre 3.

Underfull \hbox (badness 10000) in paragraph at lines 490--497

 []

<lena.jpg, id=348, 506.88pt x 506.88pt>
File: lena.jpg Graphic file (type jpg)
<use lena.jpg>
Package pdftex.def Info: lena.jpg  used on input line 512.
(pdftex.def)             Requested size: 217.66211pt x 217.66025pt.
<lena_bruit_gaussien_alpha.jpg, id=349, 506.88pt x 506.88pt>
File: lena_bruit_gaussien_alpha.jpg Graphic file (type jpg)
<use lena_bruit_gaussien_alpha.jpg>
Package pdftex.def Info: lena_bruit_gaussien_alpha.jpg  used on input line 517.

(pdftex.def)             Requested size: 217.66211pt x 217.66025pt.
<max_gauss_gris.jpg, id=350, 513.92pt x 513.92pt>
File: max_gauss_gris.jpg Graphic file (type jpg)
<use max_gauss_gris.jpg>
Package pdftex.def Info: max_gauss_gris.jpg  used on input line 523.
(pdftex.def)             Requested size: 217.66211pt x 217.66422pt.

Underfull \hbox (badness 10000) in paragraph at lines 524--524

 []

<min_gauss_alpha.jpg, id=351, 513.92pt x 513.92pt>
File: min_gauss_alpha.jpg Graphic file (type jpg)
<use min_gauss_alpha.jpg>
Package pdftex.def Info: min_gauss_alpha.jpg  used on input line 528.
(pdftex.def)             Requested size: 217.66211pt x 217.66422pt.

Underfull \hbox (badness 10000) in paragraph at lines 529--529

 []

<3x3median_gauss_alpha.jpg, id=352, 513.92pt x 513.92pt>
File: 3x3median_gauss_alpha.jpg Graphic file (type jpg)
<use 3x3median_gauss_alpha.jpg>
Package pdftex.def Info: 3x3median_gauss_alpha.jpg  used on input line 534.
(pdftex.def)             Requested size: 217.66211pt x 217.66422pt.

Underfull \hbox (badness 10000) in paragraph at lines 535--535

 []


Underfull \hbox (badness 10000) in paragraph at lines 535--535
\T1/aer/m/n/12 La va-leur PSNR est me-dian
 []

<nlmeans1_gauus_alpha.jpg, id=353, 513.92pt x 513.92pt>
File: nlmeans1_gauus_alpha.jpg Graphic file (type jpg)
<use nlmeans1_gauus_alpha.jpg>
Package pdftex.def Info: nlmeans1_gauus_alpha.jpg  used on input line 539.
(pdftex.def)             Requested size: 217.66211pt x 217.66422pt.

Underfull \hbox (badness 10000) in paragraph at lines 540--540

 []


! LaTeX Error: There's no line here to end.

See the LaTeX manual or LaTeX Companion for explanation.
Type  H <return>  for immediate help.
 ...                                              
                                                  
l.544 \newline
              
Your command was ignored.
Type  I <command> <return>  to replace it with another command,
or  <return>  to continue without it.


! LaTeX Error: There's no line here to end.

See the LaTeX manual or LaTeX Companion for explanation.
Type  H <return>  for immediate help.
 ...                                              
                                                  
l.545 \newline
              
Your command was ignored.
Type  I <command> <return>  to replace it with another command,
or  <return>  to continue without it.

[20

] [21 <./lena.jpg> <./lena_bruit_gaussien_alpha.jpg> <./max_gauss_gris.jpg> <./
min_gauss_alpha.jpg>] [22 <./3x3median_gauss_alpha.jpg> <./nlmeans1_gauus_alpha
.jpg>] [23]
Package atveryend Info: Empty hook `BeforeClearDocument' on input line 556.
 [24]
Package atveryend Info: Empty hook `AfterLastShipout' on input line 556.
 (main.aux)
Package atveryend Info: Executing hook `AtVeryEndDocument' on input line 556.
Package atveryend Info: Executing hook `AtEndAfterFileList' on input line 556.
Package rerunfilecheck Info: File `main.out' has not changed.
(rerunfilecheck)             Checksum: 9CBB6E18EB1C3C3A4C834C961C9A035B;2608.
Package atveryend Info: Empty hook `AtVeryVeryEnd' on input line 556.
 ) 
Here is how much of TeX's memory you used:
 10200 strings out of 481556
 155869 string characters out of 2909189
 434704 words of memory out of 3000000
 25076 multiletter control sequences out of 15000+200000
 568531 words of font info for 100 fonts, out of 3000000 for 9000
 1141 hyphenation exceptions out of 8191
 34i,8n,45p,539b,599s stack positions out of 5000i,500n,10000p,200000b,50000s
<C:/Users/chaimaelmejgari/AppData/Local/Programs/MiKTeX 2.9/fonts/type1/publi
c/amsfonts/cm/cmb10.pfb><C:/Users/chaimaelmejgari/AppData/Local/Programs/MiKTeX
 2.9/fonts/type1/public/amsfonts/cm/cmbx12.pfb><C:/Users/chaimaelmejgari/AppDat
a/Local/Programs/MiKTeX 2.9/fonts/type1/public/amsfonts/cm/cmcsc10.pfb><C:/User
s/chaimaelmejgari/AppData/Local/Programs/MiKTeX 2.9/fonts/type1/public/amsfonts
/cm/cmex10.pfb><C:/Users/chaimaelmejgari/AppData/Local/Programs/MiKTeX 2.9/font
s/type1/public/amsfonts/cm/cmmi12.pfb><C:/Users/chaimaelmejgari/AppData/Local/P
rograms/MiKTeX 2.9/fonts/type1/public/amsfonts/cm/cmmi6.pfb><C:/Users/chaimaelm
ejgari/AppData/Local/Programs/MiKTeX 2.9/fonts/type1/public/amsfonts/cm/cmmi8.p
fb><C:/Users/chaimaelmejgari/AppData/Local/Programs/MiKTeX 2.9/fonts/type1/publ
ic/amsfonts/cm/cmr12.pfb><C:/Users/chaimaelmejgari/AppData/Local/Programs/MiKTe
X 2.9/fonts/type1/public/amsfonts/cm/cmr6.pfb><C:/Users/chaimaelmejgari/AppData
/Local/Programs/MiKTeX 2.9/fonts/type1/public/amsfonts/cm/cmr8.pfb><C:/Users/ch
aimaelmejgari/AppData/Local/Programs/MiKTeX 2.9/fonts/type1/public/amsfonts/cm/
cmsy10.pfb><C:/Users/chaimaelmejgari/AppData/Local/Programs/MiKTeX 2.9/fonts/ty
pe1/public/amsfonts/cm/cmsy6.pfb><C:/Users/chaimaelmejgari/AppData/Local/Progra
ms/MiKTeX 2.9/fonts/type1/public/amsfonts/cm/cmsy8.pfb><C:/Users/chaimaelmejgar
i/AppData/Local/Programs/MiKTeX 2.9/fonts/type1/public/amsfonts/cm/cmti12.pfb>
Output written on main.pdf (25 pages, 2850482 bytes).
PDF statistics:
 447 PDF objects out of 1000 (max. 8388607)
 92 named destinations out of 1000 (max. 500000)
 437 words of extra memory for PDF output out of 10000 (max. 10000000)

