\BOOKMARK [0][-]{chapter.1}{G\351n\351ralisation}{}% 1
\BOOKMARK [1][-]{section.1.1}{Introduction}{chapter.1}% 2
\BOOKMARK [1][-]{section.1.2}{D\351finition d\220une image}{chapter.1}% 3
\BOOKMARK [2][-]{subsection.1.2.1}{Les images binaires \(noir ou blanc\)}{section.1.2}% 4
\BOOKMARK [2][-]{subsection.1.2.2}{Les images en niveaux de gris}{section.1.2}% 5
\BOOKMARK [2][-]{subsection.1.2.3}{Les images couleurs}{section.1.2}% 6
\BOOKMARK [1][-]{section.1.3}{Formats d\220images}{chapter.1}% 7
\BOOKMARK [1][-]{section.1.4}{ Traitement et acquisition d'image}{chapter.1}% 8
\BOOKMARK [2][-]{subsection.1.4.1}{Processus d'acquisition d'images}{section.1.4}% 9
\BOOKMARK [2][-]{subsection.1.4.2}{Acquisition d'image Utilisation d'un seul capteur }{section.1.4}% 10
\BOOKMARK [2][-]{subsection.1.4.3}{Acquisition d'image Utilisation Capteur matriciel}{section.1.4}% 11
\BOOKMARK [1][-]{section.1.5}{Mod\350les de bruits de l\220image}{chapter.1}% 12
\BOOKMARK [2][-]{subsection.1.5.1}{Le bruit additif}{section.1.5}% 13
\BOOKMARK [2][-]{subsection.1.5.2}{Le bruit multiplicatif}{section.1.5}% 14
\BOOKMARK [1][-]{section.1.6}{Types de bruit}{chapter.1}% 15
\BOOKMARK [2][-]{subsection.1.6.1}{Bruit Gaussien}{section.1.6}% 16
\BOOKMARK [2][-]{subsection.1.6.2}{Bruit p\351riodique}{section.1.6}% 17
\BOOKMARK [2][-]{subsection.1.6.3}{Bruit de chrominance}{section.1.6}% 18
\BOOKMARK [2][-]{subsection.1.6.4}{Bruit de luminance}{section.1.6}% 19
\BOOKMARK [2][-]{subsection.1.6.5}{Bruit Poivre et sel}{section.1.6}% 20
\BOOKMARK [1][-]{section.1.7}{Conclusion}{chapter.1}% 21
\BOOKMARK [0][-]{chapter.2}{Filtrage des images}{}% 22
\BOOKMARK [1][-]{section.2.1}{Introduction}{chapter.2}% 23
\BOOKMARK [1][-]{section.2.2}{ les Filtres locaux }{chapter.2}% 24
\BOOKMARK [2][-]{subsection.2.2.1}{filtre local lin\351aire }{section.2.2}% 25
\BOOKMARK [2][-]{subsection.2.2.2}{filtre local non lin\351aire}{section.2.2}% 26
\BOOKMARK [1][-]{section.2.3}{le Filtre non local }{chapter.2}% 27
\BOOKMARK [2][-]{subsection.2.3.1}{D\351bruitage par patchs}{section.2.3}% 28
\BOOKMARK [2][-]{subsection.2.3.2}{Principe}{section.2.3}% 29
\BOOKMARK [2][-]{subsection.2.3.3}{Algorithme NL-Means}{section.2.3}% 30
\BOOKMARK [1][-]{section.2.4}{Conclusion}{chapter.2}% 31
\BOOKMARK [0][-]{chapter.3}{}{}% 32
\BOOKMARK [1][-]{section.3.1}{Introduction}{chapter.3}% 33
\BOOKMARK [1][-]{section.3.2}{ Rapport cr\352te signal sur bruit \(PSNR\)}{chapter.3}% 34
\BOOKMARK [1][-]{section.3.3}{Conclusion}{chapter.3}% 35
\BOOKMARK [1][-]{section.3.4}{Bibliographie}{chapter.3}% 36
\BOOKMARK [1][-]{section.3.5}{ANNEXES}{chapter.3}% 37
